<?xml version="1.0" encoding="UTF-8"?>
<!-- Generated by org.testng.reporters.JUnitReportReporter -->
<testsuite hostname="SushmithaLENOVO" failures="0" tests="2" name="testng.Basics" time="0.070" errors="0" timestamp="2024-02-09T15:32:36 IST" skipped="0">
  <testcase classname="testng.Basics" name="testannotation" time="0.033"/>
  <testcase classname="testng.Basics" name="sampletest" time="0.037"/>
</testsuite> <!-- testng.Basics -->
