<?xml version="1.0" encoding="UTF-8"?>
<!-- Generated by org.testng.reporters.JUnitReportReporter -->
<testsuite hostname="SushmithaLENOVO" failures="0" tests="1" name="testng.Login" time="12.254" errors="0" timestamp="2024-02-09T15:32:36 IST" skipped="0">
  <testcase classname="testng.Login" name="login" time="12.254"/>
</testsuite> <!-- testng.Login -->
