<?xml version="1.0" encoding="UTF-8"?>
<!-- Generated by org.testng.reporters.JUnitReportReporter -->
<testsuite hostname="SushmithaLENOVO" failures="0" tests="1" name="testng.LoginBase" time="8.993" errors="0" timestamp="2024-02-22T20:29:41 IST" skipped="0">
  <testcase classname="testng.LoginBase" name="login" time="8.993"/>
</testsuite> <!-- testng.LoginBase -->
