<?xml version="1.0" encoding="UTF-8"?>
<!-- Generated by org.testng.reporters.JUnitReportReporter -->
<testsuite hostname="SushmithaLENOVO" failures="0" tests="5" name="testng.Phonesprioritize" time="0.056" errors="0" timestamp="2024-02-12T11:56:01 IST" skipped="0">
  <testcase classname="testng.Phonesprioritize" name="vivo" time="0.022"/>
  <testcase classname="testng.Phonesprioritize" name="realme" time="0.009"/>
  <testcase classname="testng.Phonesprioritize" name="oneplus" time="0.008"/>
  <testcase classname="testng.Phonesprioritize" name="samsung" time="0.007"/>
  <testcase classname="testng.Phonesprioritize" name="apple" time="0.010"/>
</testsuite> <!-- testng.Phonesprioritize -->
