<?xml version="1.0" encoding="UTF-8"?>
<!-- Generated by org.testng.reporters.JUnitReportReporter -->
<testsuite hostname="SushmithaLENOVO" failures="0" tests="2" name="testng.DependencynMethods" time="21.735" errors="0" timestamp="2024-02-12T14:31:56 IST" skipped="0">
  <testcase classname="testng.DependencynMethods" name="login" time="8.265"/>
  <testcase classname="testng.DependencynMethods" name="register" time="13.470"/>
</testsuite> <!-- testng.DependencynMethods -->
