<?xml version="1.0" encoding="UTF-8"?>
<!-- Generated by org.testng.reporters.JUnitReportReporter -->
<testsuite hostname="SushmithaLENOVO" failures="0" tests="1" name="testng.ConfigurationAnnotation" time="0.016" errors="0" timestamp="2024-02-09T12:25:17 IST" skipped="0">
  <testcase classname="testng.ConfigurationAnnotation" name="testannotation" time="0.016"/>
</testsuite> <!-- testng.ConfigurationAnnotation -->
