<?xml version="1.0" encoding="UTF-8"?>
<!-- Generated by org.testng.reporters.JUnitReportReporter -->
<testsuite hostname="SushmithaLENOVO" failures="0" tests="1" name="testng.Register" time="10.189" errors="0" timestamp="2024-02-18T10:42:42 IST" skipped="0">
  <testcase classname="testng.Register" name="register" time="10.189"/>
</testsuite> <!-- testng.Register -->
