<?xml version="1.0" encoding="UTF-8"?>
<!-- Generated by org.testng.reporters.JUnitReportReporter -->
<testsuite hostname="SushmithaLENOVO" failures="0" tests="1" name="testng.RegisterBase" time="14.408" errors="0" timestamp="2024-02-22T20:29:41 IST" skipped="0">
  <testcase classname="testng.RegisterBase" name="register" time="14.408"/>
</testsuite> <!-- testng.RegisterBase -->
